Arguments: 
  /usr/bin/node /usr/share/yarn/bin/yarn.js add mongoose @types/mongoose

PATH: 
  /home/panam/.local/bin:/usr/local/sbin:/usr/local/bin:/usr/sbin:/usr/bin:/sbin:/bin:/usr/games:/usr/local/games:/snap/bin

Yarn version: 
  1.22.19

Node version: 
  16.17.0

Platform: 
  linux x64

Trace: 
  Error: getaddrinfo EAI_AGAIN registry.yarnpkg.com
      at GetAddrInfoReqWrap.onlookup [as oncomplete] (node:dns:109:26)

npm manifest: 
  {
    "name": "gamma-backend",
    "version": "0.0.1",
    "description": "Backend for the gamma project",
    "main": "server.js",
    "scripts": {
      "test": "echo \"Error: no test specified\" && exit 1"
    },
    "repository": {
      "type": "git",
      "url": "git+https://github.com/gammadefi/gamma-backend.git"
    },
    "author": "",
    "license": "MIT",
    "bugs": {
      "url": "https://github.com/gammadefi/gamma-backend/issues"
    },
    "homepage": "https://github.com/gammadefi/gamma-backend#readme"
  }

yarn manifest: 
  No manifest

Lockfile: 
  No lockfile
